184 104
184 341 57
184 380 45
184 397 60
184 703 48
184 846 41
194 43
210 57
261 397 48
261 68
304 305 59
304 397 42
304 71
305 108
305 380 42
305 397 78
305 397 873 40
305 873 41
333 397 47
333 56
337 397 50
337 67
341 110
341 380 44
341 397 72
341 703 53
341 778 44
341 846 41
375 50
376 41
377 395 397 51
377 395 54
377 397 53
377 58
378 56
380 163
380 394 397 41
380 394 47
380 397 120
380 397 873 62
380 873 67
394 157
394 397 135
394 397 873 67
394 703 40
394 873 68
395 397 62
395 74
397 514
397 701 51
397 702 873 47
397 702 90
397 703 778 41
397 703 846 44
397 703 91
397 778 73
397 806 42
397 846 99
397 873 192
397 880 58
412 42
45 41
478 75
494 43
68 40
701 60
702 123
702 703 49
702 778 43
702 873 47
703 138
703 778 51
703 846 59
778 116
778 846 43
799 48
806 75
846 129
846 873 41
865 42
873 203
880 72
